# JRE version: OpenJDK Runtime Environment (8.0_242-b08) (build 1.8.0_242-b08)
# Java VM: OpenJDK 64-Bit Server VM (25.242-b08 mixed mode windows-amd64 compressed oops)
Heap:
 PSYoungGen      total 160256K, used 85370K [0x00000000f5580000, 0x00000000ffe80000, 0x0000000100000000)
  eden space 147456K, 51% used [0x00000000f5580000,0x00000000f9ff5cb8,0x00000000fe580000)
  from space 12800K, 71% used [0x00000000ff200000,0x00000000ffae8da0,0x00000000ffe80000)
  to   space 12800K, 0% used [0x00000000fe580000,0x00000000fe580000,0x00000000ff200000)
 ParOldGen       total 175104K, used 17286K [0x00000000e0000000, 0x00000000eab00000, 0x00000000f5580000)
  object space 175104K, 9% used [0x00000000e0000000,0x00000000e10e1b70,0x00000000eab00000)
 Metaspace       used 45856K, capacity 46926K, committed 47104K, reserved 1089536K
  class space    used 5997K, capacity 6290K, committed 6400K, reserved 1048576K
GC Heap History (10 events):
Event: 24.167 GC heap before
{Heap before GC invocations=6 (full 1):
 PSYoungGen      total 76288K, used 65536K [0x00000000f5580000, 0x00000000fea80000, 0x0000000100000000)
  eden space 65536K, 100% used [0x00000000f5580000,0x00000000f9580000,0x00000000f9580000)
  from space 10752K, 0% used [0x00000000fa000000,0x00000000fa000000,0x00000000faa80000)
  to   space 10752K, 0% used [0x00000000f9580000,0x00000000f9580000,0x00000000fa000000)
 ParOldGen       total 175104K, used 9412K [0x00000000e0000000, 0x00000000eab00000, 0x00000000f5580000)
  object space 175104K, 5% used [0x00000000e0000000,0x00000000e09312d0,0x00000000eab00000)
 Metaspace       used 30565K, capacity 31180K, committed 31360K, reserved 1077248K
  class space    used 3977K, capacity 4191K, committed 4224K, reserved 1048576K
Event: 24.202 GC heap after
Heap after GC invocations=6 (full 1):
 PSYoungGen      total 76288K, used 10029K [0x00000000f5580000, 0x00000000fd700000, 0x0000000100000000)
  eden space 65536K, 0% used [0x00000000f5580000,0x00000000f5580000,0x00000000f9580000)
  from space 10752K, 93% used [0x00000000f9580000,0x00000000f9f4b440,0x00000000fa000000)
  to   space 13824K, 0% used [0x00000000fc980000,0x00000000fc980000,0x00000000fd700000)
 ParOldGen       total 175104K, used 9420K [0x00000000e0000000, 0x00000000eab00000, 0x00000000f5580000)
  object space 175104K, 5% used [0x00000000e0000000,0x00000000e09332d0,0x00000000eab00000)
 Metaspace       used 30565K, capacity 31180K, committed 31360K, reserved 1077248K
  class space    used 3977K, capacity 4191K, committed 4224K, reserved 1048576K
}
Event: 28.031 GC heap before
{Heap before GC invocations=7 (full 1):
 PSYoungGen      total 76288K, used 75565K [0x00000000f5580000, 0x00000000fd700000, 0x0000000100000000)
  eden space 65536K, 100% used [0x00000000f5580000,0x00000000f9580000,0x00000000f9580000)
  from space 10752K, 93% used [0x00000000f9580000,0x00000000f9f4b440,0x00000000fa000000)
  to   space 13824K, 0% used [0x00000000fc980000,0x00000000fc980000,0x00000000fd700000)
 ParOldGen       total 175104K, used 9420K [0x00000000e0000000, 0x00000000eab00000, 0x00000000f5580000)
  object space 175104K, 5% used [0x00000000e0000000,0x00000000e09332d0,0x00000000eab00000)
 Metaspace       used 33612K, capacity 34372K, committed 34688K, reserved 1079296K
  class space    used 4463K, capacity 4672K, committed 4736K, reserved 1048576K
Event: 28.658 GC heap after
Heap after GC invocations=7 (full 1):
 PSYoungGen      total 118784K, used 10396K [0x00000000f5580000, 0x00000000fe680000, 0x0000000100000000)
  eden space 104960K, 0% used [0x00000000f5580000,0x00000000f5580000,0x00000000fbc00000)
  from space 13824K, 75% used [0x00000000fc980000,0x00000000fd3a71c8,0x00000000fd700000)
  to   space 13824K, 0% used [0x00000000fbc00000,0x00000000fbc00000,0x00000000fc980000)
 ParOldGen       total 175104K, used 9428K [0x00000000e0000000, 0x00000000eab00000, 0x00000000f5580000)
  object space 175104K, 5% used [0x00000000e0000000,0x00000000e09352d0,0x00000000eab00000)
 Metaspace       used 33612K, capacity 34372K, committed 34688K, reserved 1079296K
  class space    used 4463K, capacity 4672K, committed 4736K, reserved 1048576K
}
Event: 29.506 GC heap before
{Heap before GC invocations=8 (full 1):
 PSYoungGen      total 118784K, used 30192K [0x00000000f5580000, 0x00000000fe680000, 0x0000000100000000)
  eden space 104960K, 18% used [0x00000000f5580000,0x00000000f68d4ff8,0x00000000fbc00000)
  from space 13824K, 75% used [0x00000000fc980000,0x00000000fd3a71c8,0x00000000fd700000)
  to   space 13824K, 0% used [0x00000000fbc00000,0x00000000fbc00000,0x00000000fc980000)
 ParOldGen       total 175104K, used 9428K [0x00000000e0000000, 0x00000000eab00000, 0x00000000f5580000)
  object space 175104K, 5% used [0x00000000e0000000,0x00000000e09352d0,0x00000000eab00000)
 Metaspace       used 34628K, capacity 35408K, committed 35496K, reserved 1079296K
  class space    used 4605K, capacity 4840K, committed 4864K, reserved 1048576K
Event: 29.560 GC heap after
Heap after GC invocations=8 (full 1):
 PSYoungGen      total 118784K, used 9300K [0x00000000f5580000, 0x00000000fff00000, 0x0000000100000000)
  eden space 104960K, 0% used [0x00000000f5580000,0x00000000f5580000,0x00000000fbc00000)
  from space 13824K, 67% used [0x00000000fbc00000,0x00000000fc5150c8,0x00000000fc980000)
  to   space 13312K, 0% used [0x00000000ff200000,0x00000000ff200000,0x00000000fff00000)
 ParOldGen       total 175104K, used 9436K [0x00000000e0000000, 0x00000000eab00000, 0x00000000f5580000)
  object space 175104K, 5% used [0x00000000e0000000,0x00000000e09372d0,0x00000000eab00000)
 Metaspace       used 34628K, capacity 35408K, committed 35496K, reserved 1079296K
  class space    used 4605K, capacity 4840K, committed 4864K, reserved 1048576K
}
Event: 29.560 GC heap before
{Heap before GC invocations=9 (full 2):
 PSYoungGen      total 118784K, used 9300K [0x00000000f5580000, 0x00000000fff00000, 0x0000000100000000)
  eden space 104960K, 0% used [0x00000000f5580000,0x00000000f5580000,0x00000000fbc00000)
  from space 13824K, 67% used [0x00000000fbc00000,0x00000000fc5150c8,0x00000000fc980000)
  to   space 13312K, 0% used [0x00000000ff200000,0x00000000ff200000,0x00000000fff00000)
 ParOldGen       total 175104K, used 9436K [0x00000000e0000000, 0x00000000eab00000, 0x00000000f5580000)
  object space 175104K, 5% used [0x00000000e0000000,0x00000000e09372d0,0x00000000eab00000)
 Metaspace       used 34628K, capacity 35408K, committed 35496K, reserved 1079296K
  class space    used 4605K, capacity 4840K, committed 4864K, reserved 1048576K
Event: 29.860 GC heap after
Heap after GC invocations=9 (full 2):
 PSYoungGen      total 118784K, used 0K [0x00000000f5580000, 0x00000000fff00000, 0x0000000100000000)
  eden space 104960K, 0% used [0x00000000f5580000,0x00000000f5580000,0x00000000fbc00000)
  from space 13824K, 0% used [0x00000000fbc00000,0x00000000fbc00000,0x00000000fc980000)
  to   space 13312K, 0% used [0x00000000ff200000,0x00000000ff200000,0x00000000fff00000)
 ParOldGen       total 175104K, used 17286K [0x00000000e0000000, 0x00000000eab00000, 0x00000000f5580000)
  object space 175104K, 9% used [0x00000000e0000000,0x00000000e10e1b70,0x00000000eab00000)
 Metaspace       used 34593K, capacity 35366K, committed 35496K, reserved 1079296K
  class space    used 4594K, capacity 4826K, committed 4864K, reserved 1048576K
}
Event: 37.289 GC heap before
{Heap before GC invocations=10 (full 2):
 PSYoungGen      total 118784K, used 104960K [0x00000000f5580000, 0x00000000fff00000, 0x0000000100000000)
  eden space 104960K, 100% used [0x00000000f5580000,0x00000000fbc00000,0x00000000fbc00000)
  from space 13824K, 0% used [0x00000000fbc00000,0x00000000fbc00000,0x00000000fc980000)
  to   space 13312K, 0% used [0x00000000ff200000,0x00000000ff200000,0x00000000fff00000)
 ParOldGen       total 175104K, used 17286K [0x00000000e0000000, 0x00000000eab00000, 0x00000000f5580000)
  object space 175104K, 9% used [0x00000000e0000000,0x00000000e10e1b70,0x00000000eab00000)
 Metaspace       used 41368K, capacity 42354K, committed 42752K, reserved 1085440K
  class space    used 5490K, capacity 5764K, committed 5888K, reserved 1048576K
Event: 37.447 GC heap after
Heap after GC invocations=10 (full 2):
 PSYoungGen      total 160256K, used 9123K [0x00000000f5580000, 0x00000000ffe80000, 0x0000000100000000)
  eden space 147456K, 0% used [0x00000000f5580000,0x00000000f5580000,0x00000000fe580000)
  from space 12800K, 71% used [0x00000000ff200000,0x00000000ffae8da0,0x00000000ffe80000)
  to   space 12800K, 0% used [0x00000000fe580000,0x00000000fe580000,0x00000000ff200000)
 ParOldGen       total 175104K, used 17286K [0x00000000e0000000, 0x00000000eab00000, 0x00000000f5580000)
  object space 175104K, 9% used [0x00000000e0000000,0x00000000e10e1b70,0x00000000eab00000)
 Metaspace       used 41368K, capacity 42354K, committed 42752K, reserved 1085440K
  class space    used 5490K, capacity 5764K, committed 5888K, reserved 1048576K
}

